<?xml version="1.0" encoding="UTF-8"?>
<testsuite xmlns:xsi="http://www.w3.org/2001/XMLSchema-instance" xsi:noNamespaceSchemaLocation="https://maven.apache.org/surefire/maven-surefire-plugin/xsd/surefire-test-report.xsd" version="3.0.2" name="de.unibayreuth.se.taskboard.TaskBoardSystemTests" time="10.508" tests="6" errors="0" skipped="0" failures="0">
  <properties>
[...]
</properties>
  <testcase name="getUserById_NotFound" classname="de.unibayreuth.se.taskboard.TaskBoardSystemTests" time="1.194">
    <system-out><![CDATA[14:17:00.009 [main] INFO org.springframework.test.context.support.AnnotationConfigContextLoaderUtils -- Could not detect default configuration classes for test class [de.unibayreuth.se.taskboard.TaskBoardSystemTests]: TaskBoardSystemTests does not declare any static, non-private, non-final, nested classes annotated with @Configuration.
14:17:00.136 [main] INFO org.springframework.boot.test.context.SpringBootTestContextBootstrapper -- Found @SpringBootConfiguration de.unibayreuth.se.taskboard.Application for test class de.unibayreuth.se.taskboard.TaskBoardSystemTests
14:17:00.326 [main] INFO org.testcontainers.images.PullPolicy -- Image pull policy will be performed by: DefaultPullPolicy()
14:17:00.326 [main] INFO org.testcontainers.utility.ImageNameSubstitutor -- Image name substitution will be performed by: DefaultImageNameSubstitutor (composite of 'ConfigurationFileImageNameSubstitutor' and 'PrefixingImageNameSubstitutor')
14:17:00.488 [main] INFO org.testcontainers.dockerclient.DockerClientProviderStrategy -- Loaded org.testcontainers.dockerclient.NpipeSocketClientProviderStrategy from ~/.testcontainers.properties, will try it first
14:17:00.730 [main] INFO org.testcontainers.dockerclient.DockerClientProviderStrategy -- Found Docker environment with local Npipe socket (npipe:////./pipe/docker_engine)
14:17:00.730 [main] INFO org.testcontainers.DockerClientFactory -- Docker host IP address is localhost
14:17:00.763 [main] INFO org.testcontainers.DockerClientFactory -- Connected to docker: 
  Server Version: 29.1.3
  API Version: 1.52
  Operating System: Docker Desktop
  Total Memory: 7592 MB
14:17:00.849 [main] INFO tc.testcontainers/ryuk:0.5.1 -- Creating container for image: testcontainers/ryuk:0.5.1
14:17:01.199 [main] INFO org.testcontainers.utility.RegistryAuthLocator -- Credential helper/store (docker-credential-desktop) does not have credentials for https://index.docker.io/v1/
14:17:01.353 [main] INFO tc.testcontainers/ryuk:0.5.1 -- Container testcontainers/ryuk:0.5.1 is starting: c49928934e9b1c044b4b40d1d5d0456459a96a2b796268c7fb79cae92d1bbcff
14:17:01.720 [main] INFO tc.testcontainers/ryuk:0.5.1 -- Container testcontainers/ryuk:0.5.1 started in PT0.8710177S
14:17:01.726 [main] INFO org.testcontainers.utility.RyukResourceReaper -- Ryuk started - will monitor and terminate Testcontainers containers on JVM exit
14:17:01.726 [main] INFO org.testcontainers.DockerClientFactory -- Checking the system...
14:17:01.727 [main] INFO org.testcontainers.DockerClientFactory -- ✔︎ Docker server version should be at least 1.6.0
14:17:01.727 [main] INFO tc.postgres:16-alpine -- Creating container for image: postgres:16-alpine
14:17:01.844 [main] INFO tc.postgres:16-alpine -- Container postgres:16-alpine is starting: 989a27d75c3979adfdc81b09a62c831f0c8a957a1f7b5568a590525b1e55c65d
14:17:03.517 [main] INFO tc.postgres:16-alpine -- Container postgres:16-alpine started in PT1.7895467S
14:17:03.518 [main] INFO tc.postgres:16-alpine -- Container is started (JDBC URL: jdbc:postgresql://localhost:51043/postgres?loggerLevel=OFF)

  .   ____          _            __ _ _
 /\\ / ___'_ __ _ _(_)_ __  __ _ \ \ \ \
( ( )\___ | '_ | '_| | '_ \/ _` | \ \ \ \
 \\/  ___)| |_)| | | | | || (_| |  ) ) ) )
  '  |____| .__|_| |_|_| |_\__, | / / / /
 =========|_|==============|___/=/_/_/_/

 :: Spring Boot ::                (v3.3.8)

2026-01-16T14:17:03.832+01:00  INFO 52764 --- [taskboard] [           main] d.u.se.taskboard.TaskBoardSystemTests    : Starting TaskBoardSystemTests using Java 21.0.9 with PID 52764 (started by marsp in C:\Users\marsp\source\repos\ase5\application)
2026-01-16T14:17:03.836+01:00  INFO 52764 --- [taskboard] [           main] d.u.se.taskboard.TaskBoardSystemTests    : No active profile set, falling back to 1 default profile: "default"
2026-01-16T14:17:04.615+01:00  INFO 52764 --- [taskboard] [           main] .s.d.r.c.RepositoryConfigurationDelegate : Bootstrapping Spring Data JPA repositories in DEFAULT mode.
2026-01-16T14:17:04.660+01:00  INFO 52764 --- [taskboard] [           main] .s.d.r.c.RepositoryConfigurationDelegate : Finished Spring Data repository scanning in 42 ms. Found 2 JPA repository interfaces.
2026-01-16T14:17:05.199+01:00  INFO 52764 --- [taskboard] [           main] o.s.b.w.embedded.tomcat.TomcatWebServer  : Tomcat initialized with port 0 (http)
2026-01-16T14:17:05.215+01:00  INFO 52764 --- [taskboard] [           main] o.apache.catalina.core.StandardService   : Starting service [Tomcat]
2026-01-16T14:17:05.218+01:00  INFO 52764 --- [taskboard] [           main] o.apache.catalina.core.StandardEngine    : Starting Servlet engine: [Apache Tomcat/10.1.34]
2026-01-16T14:17:05.298+01:00  INFO 52764 --- [taskboard] [           main] o.a.c.c.C.[Tomcat].[localhost].[/]       : Initializing Spring embedded WebApplicationContext
2026-01-16T14:17:05.298+01:00  INFO 52764 --- [taskboard] [           main] w.s.c.ServletWebServerApplicationContext : Root WebApplicationContext: initialization completed in 1304 ms
2026-01-16T14:17:05.547+01:00  INFO 52764 --- [taskboard] [           main] com.zaxxer.hikari.HikariDataSource       : HikariPool-1 - Starting...
2026-01-16T14:17:05.679+01:00  INFO 52764 --- [taskboard] [           main] com.zaxxer.hikari.pool.HikariPool        : HikariPool-1 - Added connection org.postgresql.jdbc.PgConnection@6dfebd2a
2026-01-16T14:17:05.681+01:00  INFO 52764 --- [taskboard] [           main] com.zaxxer.hikari.HikariDataSource       : HikariPool-1 - Start completed.
2026-01-16T14:17:05.709+01:00  INFO 52764 --- [taskboard] [           main] org.flywaydb.core.FlywayExecutor         : Database: jdbc:postgresql://localhost:51043/postgres?loggerLevel=OFF (PostgreSQL 16.11)
2026-01-16T14:17:05.748+01:00  INFO 52764 --- [taskboard] [           main] o.f.c.i.s.JdbcTableSchemaHistory         : Schema history table "public"."flyway_schema_history" does not exist yet
2026-01-16T14:17:05.753+01:00  INFO 52764 --- [taskboard] [           main] o.f.core.internal.command.DbValidate     : Successfully validated 1 migration (execution time 00:00.017s)
2026-01-16T14:17:05.771+01:00  INFO 52764 --- [taskboard] [           main] o.f.c.i.s.JdbcTableSchemaHistory         : Creating Schema History table "public"."flyway_schema_history" ...
2026-01-16T14:17:05.836+01:00  INFO 52764 --- [taskboard] [           main] o.f.core.internal.command.DbMigrate      : Current version of schema "public": << Empty Schema >>
2026-01-16T14:17:05.848+01:00  INFO 52764 --- [taskboard] [           main] o.f.core.internal.command.DbMigrate      : Migrating schema "public" to version "1 - create users and tasks table"
2026-01-16T14:17:05.893+01:00  INFO 52764 --- [taskboard] [           main] o.f.core.internal.command.DbMigrate      : Successfully applied 1 migration to schema "public", now at version v1 (execution time 00:00.020s)
2026-01-16T14:17:05.986+01:00  INFO 52764 --- [taskboard] [           main] o.hibernate.jpa.internal.util.LogHelper  : HHH000204: Processing PersistenceUnitInfo [name: default]
2026-01-16T14:17:06.050+01:00  INFO 52764 --- [taskboard] [           main] org.hibernate.Version                    : HHH000412: Hibernate ORM core version 6.5.3.Final
2026-01-16T14:17:06.084+01:00  INFO 52764 --- [taskboard] [           main] o.h.c.internal.RegionFactoryInitiator    : HHH000026: Second-level cache disabled
2026-01-16T14:17:06.302+01:00  INFO 52764 --- [taskboard] [           main] o.s.o.j.p.SpringPersistenceUnitInfo      : No LoadTimeWeaver setup: ignoring JPA class transformer
2026-01-16T14:17:06.929+01:00  INFO 52764 --- [taskboard] [           main] j.LocalContainerEntityManagerFactoryBean : Initialized JPA EntityManagerFactory for persistence unit 'default'
2026-01-16T14:17:07.854+01:00  INFO 52764 --- [taskboard] [           main] o.s.b.w.embedded.tomcat.TomcatWebServer  : Tomcat started on port 51055 (http) with context path '/'
2026-01-16T14:17:07.861+01:00  INFO 52764 --- [taskboard] [           main] d.u.se.taskboard.TaskBoardSystemTests    : Started TaskBoardSystemTests in 4.32 seconds (process running for 8.469)
2026-01-16T14:17:08.934+01:00  INFO 52764 --- [taskboard] [o-auto-1-exec-1] o.a.c.c.C.[Tomcat].[localhost].[/]       : Initializing Spring DispatcherServlet 'dispatcherServlet'
2026-01-16T14:17:08.935+01:00  INFO 52764 --- [taskboard] [o-auto-1-exec-1] o.s.web.servlet.DispatcherServlet        : Initializing Servlet 'dispatcherServlet'
2026-01-16T14:17:08.935+01:00  INFO 52764 --- [taskboard] [o-auto-1-exec-1] o.s.web.servlet.DispatcherServlet        : Completed initialization in 0 ms
]]></system-out>
  </testcase>
  <testcase name="createAndDeleteTask" classname="de.unibayreuth.se.taskboard.TaskBoardSystemTests" time="0.275"/>
  <testcase name="createAndDeleteUser" classname="de.unibayreuth.se.taskboard.TaskBoardSystemTests" time="0.1"/>
  <testcase name="getAllCreatedTasks" classname="de.unibayreuth.se.taskboard.TaskBoardSystemTests" time="0.279"/>
  <testcase name="getAllCreatedUsers" classname="de.unibayreuth.se.taskboard.TaskBoardSystemTests" time="0.057"/>
  <testcase name="getUserById" classname="de.unibayreuth.se.taskboard.TaskBoardSystemTests" time="0.047"/>
</testsuite>